This is pdfTeX, Version 3.141592653-2.6-1.40.22 (TeX Live 2021) (preloaded format=pdflatex 2021.8.25)  13 DEC 2021 00:27
entering extended mode
 restricted \write18 enabled.
 file:line:error style messages enabled.
 %&-line parsing enabled.
**"/Users/eric/OneDrive - HKUST Connect/course/MATH 5311/final/report/report.tex"
(/Users/eric/OneDrive - HKUST Connect/course/MATH 5311/final/report/report.tex
LaTeX2e <2020-10-01> patch level 4
L3 programming layer <2021-02-18> (/usr/local/texlive/2021/texmf-dist/tex/latex/base/article.cls
Document Class: article 2020/04/10 v1.4m Standard LaTeX document class
(/usr/local/texlive/2021/texmf-dist/tex/latex/base/size11.clo
File: size11.clo 2020/04/10 v1.4m Standard LaTeX file (size option)
)
\c@part=\count179
\c@section=\count180
\c@subsection=\count181
\c@subsubsection=\count182
\c@paragraph=\count183
\c@subparagraph=\count184
\c@figure=\count185
\c@table=\count186
\abovecaptionskip=\skip47
\belowcaptionskip=\skip48
\bibindent=\dimen138
) (/usr/local/texlive/2021/texmf-dist/tex/latex/base/latexsym.sty
Package: latexsym 1998/08/17 v2.2e Standard LaTeX package (lasy symbols)
\symlasy=\mathgroup4
LaTeX Font Info:    Overwriting symbol font `lasy' in version `bold'
(Font)                  U/lasy/m/n --> U/lasy/b/n on input line 52.
) (/usr/local/texlive/2021/texmf-dist/tex/latex/amsfonts/amssymb.sty
Package: amssymb 2013/01/14 v3.01 AMS font symbols
 (/usr/local/texlive/2021/texmf-dist/tex/latex/amsfonts/amsfonts.sty
Package: amsfonts 2013/01/14 v3.01 Basic AMSFonts support
\@emptytoks=\toks15
\symAMSa=\mathgroup5
\symAMSb=\mathgroup6
LaTeX Font Info:    Redeclaring math symbol \hbar on input line 98.
LaTeX Font Info:    Overwriting math alphabet `\mathfrak' in version `bold'
(Font)                  U/euf/m/n --> U/euf/b/n on input line 106.
)) (/usr/local/texlive/2021/texmf-dist/tex/latex/tools/enumerate.sty
Package: enumerate 2015/07/23 v3.00 enumerate extensions (DPC)
\@enLab=\toks16
) (/usr/local/texlive/2021/texmf-dist/tex/latex/amsmath/amsmath.sty
Package: amsmath 2020/09/23 v2.17i AMS math features
\@mathmargin=\skip49

For additional information on amsmath, use the `?' option.
(/usr/local/texlive/2021/texmf-dist/tex/latex/amsmath/amstext.sty
Package: amstext 2000/06/29 v2.01 AMS text
 (/usr/local/texlive/2021/texmf-dist/tex/latex/amsmath/amsgen.sty
File: amsgen.sty 1999/11/30 v2.0 generic functions
\@emptytoks=\toks17
\ex@=\dimen139
)) (/usr/local/texlive/2021/texmf-dist/tex/latex/amsmath/amsbsy.sty
Package: amsbsy 1999/11/29 v1.2d Bold Symbols
\pmbraise@=\dimen140
) (/usr/local/texlive/2021/texmf-dist/tex/latex/amsmath/amsopn.sty
Package: amsopn 2016/03/08 v2.02 operator names
)
\inf@bad=\count187
LaTeX Info: Redefining \frac on input line 234.
\uproot@=\count188
\leftroot@=\count189
LaTeX Info: Redefining \overline on input line 399.
\classnum@=\count190
\DOTSCASE@=\count191
LaTeX Info: Redefining \ldots on input line 496.
LaTeX Info: Redefining \dots on input line 499.
LaTeX Info: Redefining \cdots on input line 620.
\Mathstrutbox@=\box47
\strutbox@=\box48
\big@size=\dimen141
LaTeX Font Info:    Redeclaring font encoding OML on input line 743.
LaTeX Font Info:    Redeclaring font encoding OMS on input line 744.
\macc@depth=\count192
\c@MaxMatrixCols=\count193
\dotsspace@=\muskip16
\c@parentequation=\count194
\dspbrk@lvl=\count195
\tag@help=\toks18
\row@=\count196
\column@=\count197
\maxfields@=\count198
\andhelp@=\toks19
\eqnshift@=\dimen142
\alignsep@=\dimen143
\tagshift@=\dimen144
\tagwidth@=\dimen145
\totwidth@=\dimen146
\lineht@=\dimen147
\@envbody=\toks20
\multlinegap=\skip50
\multlinetaggap=\skip51
\mathdisplay@stack=\toks21
LaTeX Info: Redefining \[ on input line 2923.
LaTeX Info: Redefining \] on input line 2924.
) (/usr/local/texlive/2021/texmf-dist/tex/latex/graphics/epsfig.sty
Package: epsfig 2017/06/25 v1.7b (e)psfig emulation (SPQR)
 (/usr/local/texlive/2021/texmf-dist/tex/latex/graphics/graphicx.sty
Package: graphicx 2020/09/09 v1.2b Enhanced LaTeX Graphics (DPC,SPQR)
 (/usr/local/texlive/2021/texmf-dist/tex/latex/graphics/keyval.sty
Package: keyval 2014/10/28 v1.15 key=value parser (DPC)
\KV@toks@=\toks22
) (/usr/local/texlive/2021/texmf-dist/tex/latex/graphics/graphics.sty
Package: graphics 2020/08/30 v1.4c Standard LaTeX Graphics (DPC,SPQR)
 (/usr/local/texlive/2021/texmf-dist/tex/latex/graphics/trig.sty
Package: trig 2016/01/03 v1.10 sin cos tan (DPC)
) (/usr/local/texlive/2021/texmf-dist/tex/latex/graphics-cfg/graphics.cfg
File: graphics.cfg 2016/06/04 v1.11 sample graphics configuration
)
Package graphics Info: Driver file: pdftex.def on input line 105.
 (/usr/local/texlive/2021/texmf-dist/tex/latex/graphics-def/pdftex.def
File: pdftex.def 2020/10/05 v1.2a Graphics/color driver for pdftex
))
\Gin@req@height=\dimen148
\Gin@req@width=\dimen149
)
\epsfxsize=\dimen150
\epsfysize=\dimen151
) (/usr/local/texlive/2021/texmf-dist/tex/latex/amscls/amsthm.sty
Package: amsthm 2020/05/29 v2.20.6
\thm@style=\toks23
\thm@bodyfont=\toks24
\thm@headfont=\toks25
\thm@notefont=\toks26
\thm@headpunct=\toks27
\thm@preskip=\skip52
\thm@postskip=\skip53
\thm@headsep=\skip54
\dth@everypar=\toks28
) (/usr/local/texlive/2021/texmf-dist/tex/latex/geometry/geometry.sty
Package: geometry 2020/01/02 v5.9 Page Geometry
 (/usr/local/texlive/2021/texmf-dist/tex/generic/iftex/ifvtex.sty
Package: ifvtex 2019/10/25 v1.7 ifvtex legacy package. Use iftex instead.
 (/usr/local/texlive/2021/texmf-dist/tex/generic/iftex/iftex.sty
Package: iftex 2020/03/06 v1.0d TeX engine tests
))
\Gm@cnth=\count199
\Gm@cntv=\count266
\c@Gm@tempcnt=\count267
\Gm@bindingoffset=\dimen152
\Gm@wd@mp=\dimen153
\Gm@odd@mp=\dimen154
\Gm@even@mp=\dimen155
\Gm@layoutwidth=\dimen156
\Gm@layoutheight=\dimen157
\Gm@layouthoffset=\dimen158
\Gm@layoutvoffset=\dimen159
\Gm@dimlist=\toks29
) (/usr/local/texlive/2021/texmf-dist/tex/latex/setspace/setspace.sty
Package: setspace 2011/12/19 v6.7a set line spacing
) (/usr/local/texlive/2021/texmf-dist/tex/latex/graphics/color.sty
Package: color 2020/02/24 v1.2b Standard LaTeX Color (DPC)
 (/usr/local/texlive/2021/texmf-dist/tex/latex/graphics-cfg/color.cfg
File: color.cfg 2016/01/02 v1.6 sample color configuration
)
Package color Info: Driver file: pdftex.def on input line 147.
) (/usr/local/texlive/2021/texmf-dist/tex/latex/subfigure/subfigure.sty
Package: subfigure 2002/03/15 v2.1.5 subfigure package
\subfigtopskip=\skip55
\subfigcapskip=\skip56
\subfigcaptopadj=\dimen160
\subfigbottomskip=\skip57
\subfigcapmargin=\dimen161
\subfiglabelskip=\skip58
\c@subfigure=\count268
\c@lofdepth=\count269
\c@subtable=\count270
\c@lotdepth=\count271

****************************************
* Local config file subfigure.cfg used *
****************************************
(/usr/local/texlive/2021/texmf-dist/tex/latex/subfigure/subfigure.cfg)
\subfig@top=\skip59
\subfig@bottom=\skip60
) (/usr/local/texlive/2021/texmf-dist/tex/latex/l3backend/l3backend-pdftex.def
File: l3backend-pdftex.def 2021-03-18 L3 backend support: PDF output (pdfTeX)
\l__color_backend_stack_int=\count272
\l__pdf_internal_box=\box49
) (/Users/eric/OneDrive - HKUST Connect/course/MATH 5311/final/report/report.aux)
\openout1 = `report.aux'.

LaTeX Font Info:    Checking defaults for OML/cmm/m/it on input line 28.
LaTeX Font Info:    ... okay on input line 28.
LaTeX Font Info:    Checking defaults for OMS/cmsy/m/n on input line 28.
LaTeX Font Info:    ... okay on input line 28.
LaTeX Font Info:    Checking defaults for OT1/cmr/m/n on input line 28.
LaTeX Font Info:    ... okay on input line 28.
LaTeX Font Info:    Checking defaults for T1/cmr/m/n on input line 28.
LaTeX Font Info:    ... okay on input line 28.
LaTeX Font Info:    Checking defaults for TS1/cmr/m/n on input line 28.
LaTeX Font Info:    ... okay on input line 28.
LaTeX Font Info:    Checking defaults for OMX/cmex/m/n on input line 28.
LaTeX Font Info:    ... okay on input line 28.
LaTeX Font Info:    Checking defaults for U/cmr/m/n on input line 28.
LaTeX Font Info:    ... okay on input line 28.
 (/usr/local/texlive/2021/texmf-dist/tex/context/base/mkii/supp-pdf.mkii
[Loading MPS to PDF converter (version 2006.09.02).]
\scratchcounter=\count273
\scratchdimen=\dimen162
\scratchbox=\box50
\nofMPsegments=\count274
\nofMParguments=\count275
\everyMPshowfont=\toks30
\MPscratchCnt=\count276
\MPscratchDim=\dimen163
\MPnumerator=\count277
\makeMPintoPDFobject=\count278
\everyMPtoPDFconversion=\toks31
) (/usr/local/texlive/2021/texmf-dist/tex/latex/epstopdf-pkg/epstopdf-base.sty
Package: epstopdf-base 2020-01-24 v2.11 Base part for package epstopdf
Package epstopdf-base Info: Redefining graphics rule for `.eps' on input line 485.
 (/usr/local/texlive/2021/texmf-dist/tex/latex/latexconfig/epstopdf-sys.cfg
File: epstopdf-sys.cfg 2010/07/13 v1.3 Configuration of (r)epstopdf for TeX Live
))
*geometry* driver: auto-detecting
*geometry* detected driver: pdftex
*geometry* verbose mode - [ preamble ] result:
* driver: pdftex
* paper: a4paper
* layout: <same size as paper>
* layoutoffset:(h,v)=(0.0pt,0.0pt)
* modes: 
* h-part:(L,W,R)=(72.26999pt, 452.9679pt, 72.26999pt)
* v-part:(T,H,B)=(72.26999pt, 700.50687pt, 72.26999pt)
* \paperwidth=597.50787pt
* \paperheight=845.04684pt
* \textwidth=452.9679pt
* \textheight=700.50687pt
* \oddsidemargin=0.0pt
* \evensidemargin=0.0pt
* \topmargin=-37.0pt
* \headheight=12.0pt
* \headsep=25.0pt
* \topskip=11.0pt
* \footskip=30.0pt
* \marginparwidth=50.0pt
* \marginparsep=10.0pt
* \columnsep=10.0pt
* \skip\footins=10.0pt plus 4.0pt minus 2.0pt
* \hoffset=0.0pt
* \voffset=0.0pt
* \mag=1000
* \@twocolumnfalse
* \@twosidefalse
* \@mparswitchfalse
* \@reversemarginfalse
* (1in=72.27pt=25.4mm, 1cm=28.453pt)

LaTeX Font Info:    Trying to load font information for U+lasy on input line 30.
(/usr/local/texlive/2021/texmf-dist/tex/latex/base/ulasy.fd
File: ulasy.fd 1998/08/17 v2.2e LaTeX symbol font definitions
)
LaTeX Font Info:    Trying to load font information for U+msa on input line 30.
 (/usr/local/texlive/2021/texmf-dist/tex/latex/amsfonts/umsa.fd
File: umsa.fd 2013/01/14 v3.01 AMS symbols A
)
LaTeX Font Info:    Trying to load font information for U+msb on input line 30.
 (/usr/local/texlive/2021/texmf-dist/tex/latex/amsfonts/umsb.fd
File: umsb.fd 2013/01/14 v3.01 AMS symbols B
)
<picture/Inverted.jpeg, id=1, 214.8025pt x 236.885pt>
File: picture/Inverted.jpeg Graphic file (type jpg)
<use picture/Inverted.jpeg>
Package pdftex.def Info: picture/Inverted.jpeg  used on input line 51.
(pdftex.def)             Requested size: 144.54pt x 159.4025pt.
<picture/force_1.png, id=2, 236.885pt x 171.64125pt>
File: picture/force_1.png Graphic file (type png)
<use picture/force_1.png>
Package pdftex.def Info: picture/force_1.png  used on input line 84.
(pdftex.def)             Requested size: 187.90244pt x 136.15294pt.
<picture/force_2.png, id=4, 100.375pt x 152.57pt>
File: picture/force_2.png Graphic file (type png)
<use picture/force_2.png>
Package pdftex.def Info: picture/force_2.png  used on input line 84.
(pdftex.def)             Requested size: 86.72377pt x 131.82922pt.
 [1

{/usr/local/texlive/2021/texmf-var/fonts/map/pdftex/updmap/pdftex.map} </Users/eric/OneDrive - HKUST Connect/course/MATH 5311/final/report/picture/Inverted.jpeg>]
<picture/lqr.png, id=19, 294.09875pt x 172.645pt>
File: picture/lqr.png Graphic file (type png)
<use picture/lqr.png>
Package pdftex.def Info: picture/lqr.png  used on input line 115.
(pdftex.def)             Requested size: 216.81pt x 127.27583pt.
 [2 </Users/eric/OneDrive - HKUST Connect/course/MATH 5311/final/report/picture/force_1.png> </Users/eric/OneDrive - HKUST Connect/course/MATH 5311/final/report/picture/force_2.png>] [3 </Users/eric/OneDrive - HKUST Connect/course/MATH 5311/final/report/picture/lqr.png>] [4] [5]
<picture/init_3.png, id=45, 462.528pt x 346.896pt>
File: picture/init_3.png Graphic file (type png)
<use picture/init_3.png>
Package pdftex.def Info: picture/init_3.png  used on input line 305.
(pdftex.def)             Requested size: 130.08621pt x 97.56425pt.
<picture/trajectory_1.png, id=46, 462.528pt x 346.896pt>
File: picture/trajectory_1.png Graphic file (type png)
<use picture/trajectory_1.png>
Package pdftex.def Info: picture/trajectory_1.png  used on input line 305.
(pdftex.def)             Requested size: 144.54pt x 108.40472pt.
<picture/angle_1.png, id=47, 462.528pt x 346.896pt>
File: picture/angle_1.png Graphic file (type png)
<use picture/angle_1.png>
Package pdftex.def Info: picture/angle_1.png  used on input line 305.
(pdftex.def)             Requested size: 144.54pt x 108.40472pt.

Overfull \hbox (22.77338pt too wide) in paragraph at lines 305--307
 [][] 
 []

File: picture/init_3.png Graphic file (type png)
<use picture/init_3.png>
Package pdftex.def Info: picture/init_3.png  used on input line 319.
(pdftex.def)             Requested size: 130.08621pt x 97.56425pt.
<picture/trajectory_2.png, id=48, 462.528pt x 346.896pt>
File: picture/trajectory_2.png Graphic file (type png)
<use picture/trajectory_2.png>
Package pdftex.def Info: picture/trajectory_2.png  used on input line 319.
(pdftex.def)             Requested size: 144.54pt x 108.40472pt.
<picture/angle_2.png, id=49, 462.528pt x 346.896pt>
File: picture/angle_2.png Graphic file (type png)
<use picture/angle_2.png>
Package pdftex.def Info: picture/angle_2.png  used on input line 319.
(pdftex.def)             Requested size: 144.54pt x 108.40472pt.

Overfull \hbox (22.77338pt too wide) in paragraph at lines 319--321
 [][] 
 []

[6 </Users/eric/OneDrive - HKUST Connect/course/MATH 5311/final/report/picture/init_3.png> </Users/eric/OneDrive - HKUST Connect/course/MATH 5311/final/report/picture/trajectory_1.png> </Users/eric/OneDrive - HKUST Connect/course/MATH 5311/final/report/picture/angle_1.png>]
File: picture/init_3.png Graphic file (type png)
<use picture/init_3.png>
Package pdftex.def Info: picture/init_3.png  used on input line 342.
(pdftex.def)             Requested size: 130.08621pt x 97.56425pt.
<picture/trajectory_3.png, id=56, 462.528pt x 346.896pt>
File: picture/trajectory_3.png Graphic file (type png)
<use picture/trajectory_3.png>
Package pdftex.def Info: picture/trajectory_3.png  used on input line 342.
(pdftex.def)             Requested size: 144.54pt x 108.40472pt.
<picture/angle_3.png, id=57, 462.528pt x 346.896pt>
File: picture/angle_3.png Graphic file (type png)
<use picture/angle_3.png>
Package pdftex.def Info: picture/angle_3.png  used on input line 342.
(pdftex.def)             Requested size: 144.54pt x 108.40472pt.

Overfull \hbox (22.77338pt too wide) in paragraph at lines 342--344
 [][] 
 []

<picture/init_4.png, id=58, 462.528pt x 346.896pt>
File: picture/init_4.png Graphic file (type png)
<use picture/init_4.png>
Package pdftex.def Info: picture/init_4.png  used on input line 364.
(pdftex.def)             Requested size: 130.08621pt x 97.56425pt.
<picture/trajectory_4.png, id=59, 462.528pt x 346.896pt>
File: picture/trajectory_4.png Graphic file (type png)
<use picture/trajectory_4.png>
Package pdftex.def Info: picture/trajectory_4.png  used on input line 364.
(pdftex.def)             Requested size: 144.54pt x 108.40472pt.
<picture/angle_4.png, id=60, 462.528pt x 346.896pt>
File: picture/angle_4.png Graphic file (type png)
<use picture/angle_4.png>
Package pdftex.def Info: picture/angle_4.png  used on input line 364.
(pdftex.def)             Requested size: 144.54pt x 108.40472pt.

Overfull \hbox (22.77338pt too wide) in paragraph at lines 364--366
 [][] 
 []

[7 </Users/eric/OneDrive - HKUST Connect/course/MATH 5311/final/report/picture/trajectory_2.png> </Users/eric/OneDrive - HKUST Connect/course/MATH 5311/final/report/picture/angle_2.png> </Users/eric/OneDrive - HKUST Connect/course/MATH 5311/final/report/picture/trajectory_3.png> </Users/eric/OneDrive - HKUST Connect/course/MATH 5311/final/report/picture/angle_3.png>]
<picture/init_5.png, id=69, 462.528pt x 346.896pt>
File: picture/init_5.png Graphic file (type png)
<use picture/init_5.png>
Package pdftex.def Info: picture/init_5.png  used on input line 382.
(pdftex.def)             Requested size: 130.08621pt x 97.56425pt.
<picture/trajectory_5.png, id=70, 462.528pt x 346.896pt>
File: picture/trajectory_5.png Graphic file (type png)
<use picture/trajectory_5.png>
Package pdftex.def Info: picture/trajectory_5.png  used on input line 382.
(pdftex.def)             Requested size: 144.54pt x 108.40472pt.
<picture/angle_5.png, id=71, 462.528pt x 346.896pt>
File: picture/angle_5.png Graphic file (type png)
<use picture/angle_5.png>
Package pdftex.def Info: picture/angle_5.png  used on input line 382.
(pdftex.def)             Requested size: 144.54pt x 108.40472pt.

Overfull \hbox (22.77338pt too wide) in paragraph at lines 382--384
 [][] 
 []

(/Users/eric/OneDrive - HKUST Connect/course/MATH 5311/final/report/report.bbl) [8 </Users/eric/OneDrive - HKUST Connect/course/MATH 5311/final/report/picture/init_4.png> </Users/eric/OneDrive - HKUST Connect/course/MATH 5311/final/report/picture/trajectory_4.png> </Users/eric/OneDrive - HKUST Connect/course/MATH 5311/final/report/picture/angle_4.png> </Users/eric/OneDrive - HKUST Connect/course/MATH 5311/final/report/picture/init_5.png> </Users/eric/OneDrive - HKUST Connect/course/MATH 5311/final/report/picture/trajectory_5.png> </Users/eric/OneDrive - HKUST Connect/course/MATH 5311/final/report/picture/angle_5.png>] (/Users/eric/OneDrive - HKUST Connect/course/MATH 5311/final/report/report.aux) ) 
Here is how much of TeX's memory you used:
 3436 strings out of 478994
 48377 string characters out of 5858184
 358644 words of memory out of 5000000
 20842 multiletter control sequences out of 15000+600000
 415960 words of font info for 77 fonts, out of 8000000 for 9000
 1141 hyphenation exceptions out of 8191
 83i,14n,88p,304b,291s stack positions out of 5000i,500n,10000p,200000b,80000s
{/usr/local/texlive/2021/texmf-dist/fonts/enc/dvips/cm-super/cm-super-ts1.enc}</usr/local/texlive/2021/texmf-dist/fonts/type1/public/amsfonts/cm/cmbx10.pfb></usr/local/texlive/2021/texmf-dist/fonts/type1/public/amsfonts/cm/cmbx12.pfb></usr/local/texlive/2021/texmf-dist/fonts/type1/public/amsfonts/cm/cmbx9.pfb></usr/local/texlive/2021/texmf-dist/fonts/type1/public/amsfonts/cm/cmex10.pfb></usr/local/texlive/2021/texmf-dist/fonts/type1/public/amsfonts/cm/cmmi10.pfb></usr/local/texlive/2021/texmf-dist/fonts/type1/public/amsfonts/cm/cmmi6.pfb></usr/local/texlive/2021/texmf-dist/fonts/type1/public/amsfonts/cm/cmmi8.pfb></usr/local/texlive/2021/texmf-dist/fonts/type1/public/amsfonts/cm/cmr10.pfb></usr/local/texlive/2021/texmf-dist/fonts/type1/public/amsfonts/cm/cmr12.pfb></usr/local/texlive/2021/texmf-dist/fonts/type1/public/amsfonts/cm/cmr17.pfb></usr/local/texlive/2021/texmf-dist/fonts/type1/public/amsfonts/cm/cmr6.pfb></usr/local/texlive/2021/texmf-dist/fonts/type1/public/amsfonts/cm/cmr8.pfb></usr/local/texlive/2021/texmf-dist/fonts/type1/public/amsfonts/cm/cmr9.pfb></usr/local/texlive/2021/texmf-dist/fonts/type1/public/amsfonts/cm/cmsl10.pfb></usr/local/texlive/2021/texmf-dist/fonts/type1/public/amsfonts/cm/cmsy10.pfb></usr/local/texlive/2021/texmf-dist/fonts/type1/public/amsfonts/cm/cmsy6.pfb></usr/local/texlive/2021/texmf-dist/fonts/type1/public/amsfonts/cm/cmsy8.pfb></usr/local/texlive/2021/texmf-dist/fonts/type1/public/amsfonts/cm/cmti10.pfb></usr/local/texlive/2021/texmf-dist/fonts/type1/public/cm-super/sfrm0600.pfb></usr/local/texlive/2021/texmf-dist/fonts/type1/public/cm-super/sfrm0800.pfb>
Output written on "/Users/eric/OneDrive - HKUST Connect/course/MATH 5311/final/report/report.pdf" (8 pages, 598246 bytes).
PDF statistics:
 146 PDF objects out of 1000 (max. 8388607)
 82 compressed objects within 1 object stream
 0 named destinations out of 1000 (max. 500000)
 86 words of extra memory for PDF output out of 10000 (max. 10000000)

